<?xml version="1.0" encoding="UTF-8"?>
<testsuite name="JsonProjectAdactin"
           tests="5"
           failures="0"
           errors="0"
           skipped="0"
           time="10.054">
    <properties></properties>



            <testcase
                name="setBookingHotel"
                time="3.778"
                classname="AdactinTestClass.TestClassForAdactinPage">
            </testcase>
            <testcase
                name="selectingHotelRooms"
                time="1.184"
                classname="AdactinTestClass.TestClassForAdactinPage">
            </testcase>
            <testcase
                name="LoginPage"
                time="0.683"
                classname="AdactinTestClass.TestClassForAdactinPage">
            </testcase>
            <testcase
                name="searchHotel"
                time="0.712"
                classname="AdactinTestClass.TestClassForAdactinPage">
            </testcase>
            <testcase
                name="setBookedItinerary"
                time="3.697"
                classname="AdactinTestClass.TestClassForAdactinPage">
            </testcase>
</testsuite>
